<?xml version="1.0" encoding="UTF-8"?>
<!-- Generated by org.testng.reporters.JUnitXMLReporter -->
<testsuite ignored="1" hostname="DESKTOP-V1T6O8H" failures="0" tests="6" name="chrome" time="0.371" errors="0" timestamp="2022-10-10T11:27:16 IST">
  <testcase classname="maven_ajio.TestNGclass1" name="@BeforeTest launchBrowser" time="0.105">
    <failure type="java.lang.NoSuchMethodError" message="&amp;apos;org.openqa.selenium.chrome.ChromeOptions org.openqa.selenium.chrome.ChromeOptions.addArguments(java.lang.String[])&amp;apos;">
      <![CDATA[java.lang.NoSuchMethodError: 'org.openqa.selenium.chrome.ChromeOptions org.openqa.selenium.chrome.ChromeOptions.addArguments(java.lang.String[])'
at maven_ajio_base.BaseClass.openChromeBrowser(BaseClass.java:14)
at maven_ajio.TestNGclass1.launchBrowser(TestNGclass1.java:63)
at java.base/java.util.concurrent.FutureTask.run(FutureTask.java:264)
at java.base/java.util.concurrent.ThreadPoolExecutor.runWorker(ThreadPoolExecutor.java:1136)
at java.base/java.util.concurrent.ThreadPoolExecutor$Worker.run(ThreadPoolExecutor.java:635)
at java.base/java.lang.Thread.run(Thread.java:833)
... Removed 13 stack frames]]>
    </failure>
  </testcase> <!-- @BeforeTest launchBrowser -->
  <testcase classname="maven_ajio.TestNGclass1" name="@BeforeClass createPOMObjects" time="-1.665381436525E9">
    <skipped/>
  </testcase> <!-- @BeforeClass createPOMObjects -->
  <testcase classname="maven_ajio.TestNGclass1" name="@BeforeMethod goToProductpage" time="-1.665381436549E9">
    <skipped/>
  </testcase> <!-- @BeforeMethod goToProductpage -->
  <testcase classname="maven_ajio.TestNGclass1" name="@AfterMethod afterMethod" time="-1.665381436564E9">
    <skipped/>
  </testcase> <!-- @AfterMethod afterMethod -->
  <testcase classname="maven_ajio.TestNGclass1" name="@BeforeMethod goToProductpage" time="-1.665381436579E9">
    <skipped/>
  </testcase> <!-- @BeforeMethod goToProductpage -->
  <testcase classname="maven_ajio.TestNGclass1" name="@AfterMethod afterMethod" time="-1.665381436588E9">
    <skipped/>
  </testcase> <!-- @AfterMethod afterMethod -->
  <testcase classname="maven_ajio.TestNGclass1" name="@BeforeMethod goToProductpage" time="-1.665381436594E9">
    <skipped/>
  </testcase> <!-- @BeforeMethod goToProductpage -->
  <testcase classname="maven_ajio.TestNGclass1" name="@AfterMethod afterMethod" time="-1.665381436603E9">
    <skipped/>
  </testcase> <!-- @AfterMethod afterMethod -->
  <testcase classname="maven_ajio.TestNGclass1" name="@BeforeMethod goToProductpage" time="-1.665381436606E9">
    <skipped/>
  </testcase> <!-- @BeforeMethod goToProductpage -->
  <testcase classname="maven_ajio.TestNGclass1" name="@AfterMethod afterMethod" time="-1.665381436627E9">
    <skipped/>
  </testcase> <!-- @AfterMethod afterMethod -->
  <testcase classname="maven_ajio.TestNGclass1" name="@BeforeMethod goToProductpage" time="-1.665381436637E9">
    <skipped/>
  </testcase> <!-- @BeforeMethod goToProductpage -->
  <testcase classname="maven_ajio.TestNGclass1" name="@AfterMethod afterMethod" time="-1.665381436644E9">
    <skipped/>
  </testcase> <!-- @AfterMethod afterMethod -->
  <testcase classname="maven_ajio.TestNGclass1" name="@AfterClass afterClass" time="-1.665381436658E9">
    <skipped/>
  </testcase> <!-- @AfterClass afterClass -->
  <testcase classname="maven_ajio.TestNGclass1" name="@AfterTest closeBrowser" time="-1.66538143666E9">
    <skipped/>
  </testcase> <!-- @AfterTest closeBrowser -->
  <testcase classname="maven_ajio.TestNGclass1" name="test1AjioHomePage" time="0.001">
    <skipped/>
  </testcase> <!-- test1AjioHomePage -->
  <testcase classname="maven_ajio.TestNGclass1" name="hoverToMen" time="0.0">
    <skipped/>
  </testcase> <!-- hoverToMen -->
  <testcase classname="maven_ajio.TestNGclass1" name="selectProductsWithFilters" time="0.0">
    <skipped/>
  </testcase> <!-- selectProductsWithFilters -->
  <testcase classname="maven_ajio.TestNGclass1" name="openProductListingPage" time="0.0">
    <skipped/>
  </testcase> <!-- openProductListingPage -->
  <testcase classname="maven_ajio.TestNGclass1" name="enterPincode" time="0.0">
    <skipped/>
  </testcase> <!-- enterPincode -->
  <testcase classname="maven_ajio.TestNGclass1" name="gotTOBag" time="0.0">
    <skipped/>
  </testcase> <!-- gotTOBag -->
  <testcase classname="maven_ajio.TestNGclass1" name="loginWithFb" time="0.0">
    <ignored/>
  </testcase> <!-- loginWithFb -->
</testsuite> <!-- chrome -->
