<?xml version="1.0" encoding="UTF-8"?>
<!-- Generated by org.testng.reporters.JUnitXMLReporter -->
<testsuite ignored="1" hostname="DESKTOP-V1T6O8H" failures="0" tests="6" name="edge" time="58.115" errors="0" timestamp="2022-10-10T11:28:14 IST">
  <testcase classname="maven_ajio.TestNGclass1" name="@BeforeClass createPOMObjects" time="28.348">
    <failure type="org.openqa.selenium.WebDriverException" message="unknown error: net::ERR_INTERNET_DISCONNECTED
  (Session info: MicrosoftEdge=106.0.1370.37)
Build info: version: &amp;apos;4.3.0&amp;apos;, revision: &amp;apos;a4995e2c09*&amp;apos;
System info: host: &amp;apos;DESKTOP-V1T6O8H&amp;apos;, ip: &amp;apos;127.0.0.1&amp;apos;, os.name: &amp;apos;Windows 10&amp;apos;, os.arch: &amp;apos;amd64&amp;apos;, os.version: &amp;apos;10.0&amp;apos;, java.version: &amp;apos;18.0.1.1&amp;apos;
Driver info: org.openqa.selenium.edge.EdgeDriver
Command: [abd302c21587344c9ab95aed60deed69, get {url=https://www.ajio.com/}]
Capabilities {acceptInsecureCerts: false, browserName: msedge, browserVersion: 106.0.1370.37, ms:edgeOptions: {debuggerAddress: localhost:63043}, msedge: {msedgedriverVersion: 105.0.1343.50 (1aa39c6858bf..., userDataDir: C:\Users\Abhijeet\AppData\L...}, networkConnectionEnabled: false, pageLoadStrategy: normal, platformName: WINDOWS, proxy: Proxy(), se:cdp: ws://localhost:63043/devtoo..., se:cdpVersion: 106.0.1370.37, setWindowRect: true, strictFileInteractability: false, timeouts: {implicit: 0, pageLoad: 300000, script: 30000}, unhandledPromptBehavior: dismiss and notify, webauthn:extension:credBlob: true, webauthn:extension:largeBlob: true, webauthn:virtualAuthenticators: true}
Session ID: abd302c21587344c9ab95aed60deed69">
      <![CDATA[org.openqa.selenium.WebDriverException: unknown error: net::ERR_INTERNET_DISCONNECTED
  (Session info: MicrosoftEdge=106.0.1370.37)
Build info: version: '4.3.0', revision: 'a4995e2c09*'
System info: host: 'DESKTOP-V1T6O8H', ip: '127.0.0.1', os.name: 'Windows 10', os.arch: 'amd64', os.version: '10.0', java.version: '18.0.1.1'
Driver info: org.openqa.selenium.edge.EdgeDriver
Command: [abd302c21587344c9ab95aed60deed69, get {url=https://www.ajio.com/}]
Capabilities {acceptInsecureCerts: false, browserName: msedge, browserVersion: 106.0.1370.37, ms:edgeOptions: {debuggerAddress: localhost:63043}, msedge: {msedgedriverVersion: 105.0.1343.50 (1aa39c6858bf..., userDataDir: C:\Users\Abhijeet\AppData\L...}, networkConnectionEnabled: false, pageLoadStrategy: normal, platformName: WINDOWS, proxy: Proxy(), se:cdp: ws://localhost:63043/devtoo..., se:cdpVersion: 106.0.1370.37, setWindowRect: true, strictFileInteractability: false, timeouts: {implicit: 0, pageLoad: 300000, script: 30000}, unhandledPromptBehavior: dismiss and notify, webauthn:extension:credBlob: true, webauthn:extension:largeBlob: true, webauthn:virtualAuthenticators: true}
Session ID: abd302c21587344c9ab95aed60deed69
at org.openqa.selenium.remote.codec.w3c.W3CHttpResponseCodec.createException(W3CHttpResponseCodec.java:200)
at org.openqa.selenium.remote.codec.w3c.W3CHttpResponseCodec.decode(W3CHttpResponseCodec.java:133)
at org.openqa.selenium.remote.codec.w3c.W3CHttpResponseCodec.decode(W3CHttpResponseCodec.java:53)
at org.openqa.selenium.remote.HttpCommandExecutor.execute(HttpCommandExecutor.java:184)
at org.openqa.selenium.remote.service.DriverCommandExecutor.invokeExecute(DriverCommandExecutor.java:167)
at org.openqa.selenium.remote.service.DriverCommandExecutor.execute(DriverCommandExecutor.java:142)
at org.openqa.selenium.remote.RemoteWebDriver.execute(RemoteWebDriver.java:569)
at org.openqa.selenium.remote.RemoteWebDriver.get(RemoteWebDriver.java:332)
at maven_ajio.TestNGclass1.createPOMObjects(TestNGclass1.java:85)
at java.base/java.util.ArrayList.forEach(ArrayList.java:1511)
at java.base/java.util.concurrent.FutureTask.run(FutureTask.java:264)
at java.base/java.util.concurrent.ThreadPoolExecutor.runWorker(ThreadPoolExecutor.java:1136)
at java.base/java.util.concurrent.ThreadPoolExecutor$Worker.run(ThreadPoolExecutor.java:635)
at java.base/java.lang.Thread.run(Thread.java:833)
... Removed 17 stack frames]]>
    </failure>
  </testcase> <!-- @BeforeClass createPOMObjects -->
  <testcase classname="maven_ajio.TestNGclass1" name="@BeforeMethod goToProductpage" time="-1.665381494366E9">
    <skipped/>
  </testcase> <!-- @BeforeMethod goToProductpage -->
  <testcase classname="maven_ajio.TestNGclass1" name="@AfterMethod afterMethod" time="-1.665381494381E9">
    <skipped/>
  </testcase> <!-- @AfterMethod afterMethod -->
  <testcase classname="maven_ajio.TestNGclass1" name="@BeforeMethod goToProductpage" time="-1.665381494394E9">
    <skipped/>
  </testcase> <!-- @BeforeMethod goToProductpage -->
  <testcase classname="maven_ajio.TestNGclass1" name="@AfterMethod afterMethod" time="-1.665381494412E9">
    <skipped/>
  </testcase> <!-- @AfterMethod afterMethod -->
  <testcase classname="maven_ajio.TestNGclass1" name="@BeforeMethod goToProductpage" time="-1.665381494417E9">
    <skipped/>
  </testcase> <!-- @BeforeMethod goToProductpage -->
  <testcase classname="maven_ajio.TestNGclass1" name="@AfterMethod afterMethod" time="-1.665381494423E9">
    <skipped/>
  </testcase> <!-- @AfterMethod afterMethod -->
  <testcase classname="maven_ajio.TestNGclass1" name="@BeforeMethod goToProductpage" time="-1.665381494429E9">
    <skipped/>
  </testcase> <!-- @BeforeMethod goToProductpage -->
  <testcase classname="maven_ajio.TestNGclass1" name="@AfterMethod afterMethod" time="-1.665381494437E9">
    <skipped/>
  </testcase> <!-- @AfterMethod afterMethod -->
  <testcase classname="maven_ajio.TestNGclass1" name="@BeforeMethod goToProductpage" time="-1.665381494443E9">
    <skipped/>
  </testcase> <!-- @BeforeMethod goToProductpage -->
  <testcase classname="maven_ajio.TestNGclass1" name="@AfterMethod afterMethod" time="-1.665381494449E9">
    <skipped/>
  </testcase> <!-- @AfterMethod afterMethod -->
  <testcase classname="maven_ajio.TestNGclass1" name="@AfterClass afterClass" time="-1.665381494454E9">
    <skipped/>
  </testcase> <!-- @AfterClass afterClass -->
  <testcase classname="maven_ajio.TestNGclass1" name="@AfterTest closeBrowser" time="-1.665381494457E9">
    <skipped/>
  </testcase> <!-- @AfterTest closeBrowser -->
  <testcase classname="maven_ajio.TestNGclass1" name="test1AjioHomePage" time="0.0">
    <skipped/>
  </testcase> <!-- test1AjioHomePage -->
  <testcase classname="maven_ajio.TestNGclass1" name="hoverToMen" time="0.0">
    <skipped/>
  </testcase> <!-- hoverToMen -->
  <testcase classname="maven_ajio.TestNGclass1" name="selectProductsWithFilters" time="0.0">
    <skipped/>
  </testcase> <!-- selectProductsWithFilters -->
  <testcase classname="maven_ajio.TestNGclass1" name="openProductListingPage" time="0.0">
    <skipped/>
  </testcase> <!-- openProductListingPage -->
  <testcase classname="maven_ajio.TestNGclass1" name="enterPincode" time="0.0">
    <skipped/>
  </testcase> <!-- enterPincode -->
  <testcase classname="maven_ajio.TestNGclass1" name="gotTOBag" time="0.0">
    <skipped/>
  </testcase> <!-- gotTOBag -->
  <testcase classname="maven_ajio.TestNGclass1" name="loginWithFb" time="0.0">
    <ignored/>
  </testcase> <!-- loginWithFb -->
</testsuite> <!-- edge -->
